{
  message: 'DB: DATABASE URL: mongodb+srv://admin:admin123@cluster0.py9oo.mongodb.net/auths?retryWrites=true&w=majority',
  level: 'info',
  timestamp: '2021-10-02T17:09:26.575Z',
  label: 'rere-app',
  metadata: {}
}
{
  message: 'INDEX: Database connection initialized.',
  level: 'info',
  timestamp: '2021-10-02T17:09:26.598Z',
  label: 'rere-app',
  metadata: {}
}
{
  message: 'INDEX: Server is running on port: 3000',
  level: 'info',
  timestamp: '2021-10-02T17:09:26.604Z',
  label: 'rere-app',
  metadata: {}
}
{
  message: 'DB: mongo db connection is established',
  level: 'info',
  timestamp: '2021-10-02T17:09:29.174Z',
  label: 'rere-app',
  metadata: {}
}
{
  message: 'storage.user.get failed to findOne',
  level: 'warn',
  timestamp: '2021-10-02T17:10:03.147Z',
  label: 'rere-app',
  metadata: {}
}
{
  message: 'storage.user.findOne: finished with error: Error: user',
  level: 'error',
  timestamp: '2021-10-02T17:10:03.149Z',
  label: 'rere-app',
  metadata: {}
}
{
  message: 'storage.user.get failed to findOne',
  level: 'warn',
  timestamp: '2021-10-02T17:10:08.478Z',
  label: 'rere-app',
  metadata: {}
}
{
  message: 'storage.user.findOne: finished with error: Error: user',
  level: 'error',
  timestamp: '2021-10-02T17:10:08.480Z',
  label: 'rere-app',
  metadata: {}
}
