{
  message: 'POST: \x1B[33m403\x1B[39m 640ms /login',
  level: 'info',
  timestamp: '2021-10-02T17:09:38.716Z',
  label: 'rere-app',
  metadata: {
    meta: {
      req: {
        url: '/login',
        headers: {
          host: 'localhost:3000',
          connection: 'keep-alive',
          'content-length': '52',
          'sec-ch-ua': '"Chromium";v="94", "Google Chrome";v="94", ";Not A Brand";v="99"',
          lang: 'eng',
          'content-type': 'application/json',
          'sec-ch-ua-mobile': '?0',
          'user-agent': 'Mozilla/5.0 (Windows NT 10.0; Win64; x64) AppleWebKit/537.36 (KHTML, like Gecko) Chrome/94.0.4606.61 Safari/537.36',
          'sec-ch-ua-platform': '"Windows"',
          accept: '*/*',
          origin: 'http://127.0.0.1:5500',
          'sec-fetch-site': 'cross-site',
          'sec-fetch-mode': 'cors',
          'sec-fetch-dest': 'empty',
          referer: 'http://127.0.0.1:5500/',
          'accept-encoding': 'gzip, deflate, br',
          'accept-language': 'ru-RU,ru;q=0.9,en-US;q=0.8,en;q=0.7,uz;q=0.6'
        },
        method: 'POST',
        httpVersion: '1.1',
        originalUrl: '/login',
        query: {}
      },
      res: { statusCode: 403 },
      responseTime: 640
    }
  }
}
{
  message: 'POST: \x1B[31m500\x1B[39m 9ms /login',
  level: 'info',
  timestamp: '2021-10-02T17:09:56.183Z',
  label: 'rere-app',
  metadata: {
    meta: {
      req: {
        url: '/login',
        headers: {
          host: 'localhost:3000',
          connection: 'keep-alive',
          'content-length': '55',
          'sec-ch-ua': '"Chromium";v="94", "Google Chrome";v="94", ";Not A Brand";v="99"',
          lang: 'eng',
          'content-type': 'application/json',
          'sec-ch-ua-mobile': '?0',
          'user-agent': 'Mozilla/5.0 (Windows NT 10.0; Win64; x64) AppleWebKit/537.36 (KHTML, like Gecko) Chrome/94.0.4606.61 Safari/537.36',
          'sec-ch-ua-platform': '"Windows"',
          accept: '*/*',
          origin: 'http://127.0.0.1:5500',
          'sec-fetch-site': 'cross-site',
          'sec-fetch-mode': 'cors',
          'sec-fetch-dest': 'empty',
          referer: 'http://127.0.0.1:5500/',
          'accept-encoding': 'gzip, deflate, br',
          'accept-language': 'ru-RU,ru;q=0.9,en-US;q=0.8,en;q=0.7,uz;q=0.6'
        },
        method: 'POST',
        httpVersion: '1.1',
        originalUrl: '/login',
        query: {}
      },
      res: { statusCode: 500 },
      responseTime: 9
    }
  }
}
{
  message: 'POST: \x1B[33m404\x1B[39m 475ms /login',
  level: 'info',
  timestamp: '2021-10-02T17:10:03.154Z',
  label: 'rere-app',
  metadata: {
    meta: {
      req: {
        url: '/login',
        headers: {
          host: 'localhost:3000',
          connection: 'keep-alive',
          'content-length': '55',
          'sec-ch-ua': '"Chromium";v="94", "Google Chrome";v="94", ";Not A Brand";v="99"',
          lang: 'eng',
          'content-type': 'application/json',
          'sec-ch-ua-mobile': '?0',
          'user-agent': 'Mozilla/5.0 (Windows NT 10.0; Win64; x64) AppleWebKit/537.36 (KHTML, like Gecko) Chrome/94.0.4606.61 Safari/537.36',
          'sec-ch-ua-platform': '"Windows"',
          accept: '*/*',
          origin: 'http://127.0.0.1:5500',
          'sec-fetch-site': 'cross-site',
          'sec-fetch-mode': 'cors',
          'sec-fetch-dest': 'empty',
          referer: 'http://127.0.0.1:5500/',
          'accept-encoding': 'gzip, deflate, br',
          'accept-language': 'ru-RU,ru;q=0.9,en-US;q=0.8,en;q=0.7,uz;q=0.6'
        },
        method: 'POST',
        httpVersion: '1.1',
        originalUrl: '/login',
        query: {}
      },
      res: { statusCode: 404 },
      responseTime: 475
    }
  }
}
{
  message: 'POST: \x1B[33m404\x1B[39m 380ms /login',
  level: 'info',
  timestamp: '2021-10-02T17:10:08.484Z',
  label: 'rere-app',
  metadata: {
    meta: {
      req: {
        url: '/login',
        headers: {
          host: 'localhost:3000',
          connection: 'keep-alive',
          'content-length': '55',
          'sec-ch-ua': '"Chromium";v="94", "Google Chrome";v="94", ";Not A Brand";v="99"',
          lang: 'uz',
          'content-type': 'application/json',
          'sec-ch-ua-mobile': '?0',
          'user-agent': 'Mozilla/5.0 (Windows NT 10.0; Win64; x64) AppleWebKit/537.36 (KHTML, like Gecko) Chrome/94.0.4606.61 Safari/537.36',
          'sec-ch-ua-platform': '"Windows"',
          accept: '*/*',
          origin: 'http://127.0.0.1:5500',
          'sec-fetch-site': 'cross-site',
          'sec-fetch-mode': 'cors',
          'sec-fetch-dest': 'empty',
          referer: 'http://127.0.0.1:5500/',
          'accept-encoding': 'gzip, deflate, br',
          'accept-language': 'ru-RU,ru;q=0.9,en-US;q=0.8,en;q=0.7,uz;q=0.6'
        },
        method: 'POST',
        httpVersion: '1.1',
        originalUrl: '/login',
        query: {}
      },
      res: { statusCode: 404 },
      responseTime: 380
    }
  }
}
{
  message: 'POST: \x1B[32m201\x1B[39m 509ms /login',
  level: 'info',
  timestamp: '2021-10-02T17:10:18.712Z',
  label: 'rere-app',
  metadata: {
    meta: {
      req: {
        url: '/login',
        headers: {
          host: 'localhost:3000',
          connection: 'keep-alive',
          'content-length': '54',
          'sec-ch-ua': '"Chromium";v="94", "Google Chrome";v="94", ";Not A Brand";v="99"',
          lang: 'uz',
          'content-type': 'application/json',
          'sec-ch-ua-mobile': '?0',
          'user-agent': 'Mozilla/5.0 (Windows NT 10.0; Win64; x64) AppleWebKit/537.36 (KHTML, like Gecko) Chrome/94.0.4606.61 Safari/537.36',
          'sec-ch-ua-platform': '"Windows"',
          accept: '*/*',
          origin: 'http://127.0.0.1:5500',
          'sec-fetch-site': 'cross-site',
          'sec-fetch-mode': 'cors',
          'sec-fetch-dest': 'empty',
          referer: 'http://127.0.0.1:5500/',
          'accept-encoding': 'gzip, deflate, br',
          'accept-language': 'ru-RU,ru;q=0.9,en-US;q=0.8,en;q=0.7,uz;q=0.6'
        },
        method: 'POST',
        httpVersion: '1.1',
        originalUrl: '/login',
        query: {}
      },
      res: { statusCode: 201 },
      responseTime: 509
    }
  }
}
